23:01:32.428 [main] INFO  com.petstore.backend.tests.TC_001_PetTests - Add a new pet to store
23:01:36.426 [main] INFO  com.petstore.api.utils.RestUtils - Response :{"id":100,"category":{"id":1,"name":"Pomerian"},"name":"Ronny","photoUrls":["https://www.goodhousekeeping.com/life/pets/g4531/cutest-dog-breeds/"],"tags":[{"id":1,"name":"dog"}],"status":"available"}
23:01:36.437 [main] INFO  com.petstore.backend.tests.TC_001_PetTests - Verify pet addition to store is successful
23:01:36.448 [main] INFO  com.petstore.backend.tests.TC_001_PetTests - Fetch pet by ID
23:01:37.698 [main] INFO  com.petstore.api.utils.RestUtils - Response :{"id":100,"category":{"id":1,"name":"Pomerian"},"name":"Ronny","photoUrls":["https://www.goodhousekeeping.com/life/pets/g4531/cutest-dog-breeds/"],"tags":[{"id":1,"name":"dog"}],"status":"available"}
23:01:37.699 [main] INFO  com.petstore.backend.tests.TC_001_PetTests - Verify pet is fetched from the store
23:01:37.699 [main] INFO  com.petstore.backend.tests.TC_001_PetTests - Validate Pet status is same as the created status
23:01:38.559 [main] INFO  com.petstore.backend.tests.TC_001_PetTests - Add a new pet to store
23:01:39.940 [main] INFO  com.petstore.api.utils.RestUtils - Response :{"id":200,"category":{"id":1,"name":"Pomerian"},"name":"Rocky","photoUrls":["https://www.goodhousekeeping.com/life/pets/g4531/cutest-dog-breeds/"],"tags":[{"id":1,"name":"dog"}],"status":"available"}
23:01:39.948 [main] INFO  com.petstore.backend.tests.TC_001_PetTests - Verify pet addition to store is successful
23:01:39.948 [main] INFO  com.petstore.backend.tests.TC_001_PetTests - Fetch pet by ID
23:01:41.072 [main] INFO  com.petstore.api.utils.RestUtils - Response :{"id":200,"category":{"id":1,"name":"Pomerian"},"name":"Rocky","photoUrls":["https://www.goodhousekeeping.com/life/pets/g4531/cutest-dog-breeds/"],"tags":[{"id":1,"name":"dog"}],"status":"available"}
23:01:41.075 [main] INFO  com.petstore.backend.tests.TC_001_PetTests - Verify pet is fetched from the store
23:01:41.076 [main] INFO  com.petstore.backend.tests.TC_001_PetTests - Validate Pet status is same as the created status
23:01:41.331 [main] INFO  com.petstore.api.utils.ExcelUtility - startRow=0, endRow=3, startCol=0, endCol=4
23:01:41.342 [main] INFO  com.petstore.backend.tests.TC_001_PetTests -  Update name and status of a pet identified by Pet ID [2000]
23:01:42.633 [main] INFO  com.petstore.api.utils.RestUtils - Response :{"code":404,"type":"unknown","message":"not found"}
23:01:42.636 [main] INFO  com.petstore.backend.tests.TC_001_PetTests -  Verify Update is successful - Response code : [404]
23:01:42.636 [main] INFO  com.petstore.backend.tests.TC_001_PetTests - Check Update is successful by fetching the Pet by ID
23:01:43.862 [main] INFO  com.petstore.api.utils.RestUtils - Response :{"code":1,"type":"error","message":"Pet not found"}
23:01:43.865 [main] INFO  com.petstore.backend.tests.TC_001_PetTests - Verify Get Pet by ID - Response : [404]
23:01:43.911 [main] ERROR com.petstore.backend.tests.TC_001_PetTests - Exception Occurred during execution of Test [Cannot invoke "Object.toString()" because the return value of "io.restassured.path.json.JsonPath.get(String)" is null]
23:01:44.024 [main] INFO  com.petstore.api.utils.ExcelUtility - startRow=0, endRow=3, startCol=0, endCol=4
23:01:44.038 [main] INFO  com.petstore.backend.tests.TC_001_PetTests -  Update name and status of a pet identified by Pet ID [2000]
23:01:45.192 [main] INFO  com.petstore.api.utils.RestUtils - Response :{"code":404,"type":"unknown","message":"not found"}
23:01:45.194 [main] INFO  com.petstore.backend.tests.TC_001_PetTests -  Verify Update is successful - Response code : [404]
23:01:45.194 [main] INFO  com.petstore.backend.tests.TC_001_PetTests - Check Update is successful by fetching the Pet by ID
23:01:46.640 [main] INFO  com.petstore.api.utils.RestUtils - Response :{"code":1,"type":"error","message":"Pet not found"}
23:01:46.641 [main] INFO  com.petstore.backend.tests.TC_001_PetTests - Verify Get Pet by ID - Response : [404]
23:01:46.686 [main] ERROR com.petstore.backend.tests.TC_001_PetTests - Exception Occurred during execution of Test [Cannot invoke "Object.toString()" because the return value of "io.restassured.path.json.JsonPath.get(String)" is null]
23:01:46.692 [main] INFO  com.petstore.backend.tests.TC_001_PetTests -  Update name and status of a pet identified by Pet ID [2001]
23:01:48.016 [main] INFO  com.petstore.api.utils.RestUtils - Response :{"code":404,"type":"unknown","message":"not found"}
23:01:48.018 [main] INFO  com.petstore.backend.tests.TC_001_PetTests -  Verify Update is successful - Response code : [404]
23:01:48.019 [main] INFO  com.petstore.backend.tests.TC_001_PetTests - Check Update is successful by fetching the Pet by ID
23:01:49.613 [main] INFO  com.petstore.api.utils.RestUtils - Response :{"code":1,"type":"error","message":"Pet not found"}
23:01:49.614 [main] INFO  com.petstore.backend.tests.TC_001_PetTests - Verify Get Pet by ID - Response : [404]
23:01:49.640 [main] ERROR com.petstore.backend.tests.TC_001_PetTests - Exception Occurred during execution of Test [Cannot invoke "Object.toString()" because the return value of "io.restassured.path.json.JsonPath.get(String)" is null]
23:01:49.747 [main] INFO  com.petstore.api.utils.ExcelUtility - startRow=0, endRow=3, startCol=0, endCol=4
23:01:49.761 [main] INFO  com.petstore.backend.tests.TC_001_PetTests -  Update name and status of a pet identified by Pet ID [2001]
23:01:51.072 [main] INFO  com.petstore.api.utils.RestUtils - Response :{"code":404,"type":"unknown","message":"not found"}
23:01:51.076 [main] INFO  com.petstore.backend.tests.TC_001_PetTests -  Verify Update is successful - Response code : [404]
23:01:51.077 [main] INFO  com.petstore.backend.tests.TC_001_PetTests - Check Update is successful by fetching the Pet by ID
23:01:52.403 [main] INFO  com.petstore.api.utils.RestUtils - Response :{"code":1,"type":"error","message":"Pet not found"}
23:01:52.404 [main] INFO  com.petstore.backend.tests.TC_001_PetTests - Verify Get Pet by ID - Response : [404]
23:01:52.446 [main] ERROR com.petstore.backend.tests.TC_001_PetTests - Exception Occurred during execution of Test [Cannot invoke "Object.toString()" because the return value of "io.restassured.path.json.JsonPath.get(String)" is null]
23:04:10.541 [main] INFO  com.petstore.backend.tests.TC_001_PetTests - Add a new pet to store
23:04:14.267 [main] INFO  com.petstore.api.utils.RestUtils - Response :{"id":100,"category":{"id":1,"name":"Pomerian"},"name":"Ronny","photoUrls":["https://www.goodhousekeeping.com/life/pets/g4531/cutest-dog-breeds/"],"tags":[{"id":1,"name":"dog"}],"status":"available"}
23:04:14.276 [main] INFO  com.petstore.backend.tests.TC_001_PetTests - Verify pet addition to store is successful
23:04:14.285 [main] INFO  com.petstore.backend.tests.TC_001_PetTests - Fetch pet by ID
23:04:15.443 [main] INFO  com.petstore.api.utils.RestUtils - Response :{"id":100,"category":{"id":1,"name":"Pomerian"},"name":"Ronny","photoUrls":["https://www.goodhousekeeping.com/life/pets/g4531/cutest-dog-breeds/"],"tags":[{"id":1,"name":"dog"}],"status":"available"}
23:04:15.444 [main] INFO  com.petstore.backend.tests.TC_001_PetTests - Verify pet is fetched from the store
23:04:15.444 [main] INFO  com.petstore.backend.tests.TC_001_PetTests - Validate Pet status is same as the created status
23:04:16.279 [main] INFO  com.petstore.backend.tests.TC_001_PetTests - Add a new pet to store
23:04:17.474 [main] INFO  com.petstore.api.utils.RestUtils - Response :{"id":200,"category":{"id":1,"name":"Pomerian"},"name":"Rocky","photoUrls":["https://www.goodhousekeeping.com/life/pets/g4531/cutest-dog-breeds/"],"tags":[{"id":1,"name":"dog"}],"status":"available"}
23:04:17.481 [main] INFO  com.petstore.backend.tests.TC_001_PetTests - Verify pet addition to store is successful
23:04:17.481 [main] INFO  com.petstore.backend.tests.TC_001_PetTests - Fetch pet by ID
23:04:18.687 [main] INFO  com.petstore.api.utils.RestUtils - Response :{"id":200,"category":{"id":1,"name":"Pomerian"},"name":"Rocky","photoUrls":["https://www.goodhousekeeping.com/life/pets/g4531/cutest-dog-breeds/"],"tags":[{"id":1,"name":"dog"}],"status":"available"}
23:04:18.691 [main] INFO  com.petstore.backend.tests.TC_001_PetTests - Verify pet is fetched from the store
23:04:18.693 [main] INFO  com.petstore.backend.tests.TC_001_PetTests - Validate Pet status is same as the created status
23:04:18.955 [main] INFO  com.petstore.api.utils.ExcelUtility - startRow=4, endRow=5, startCol=0, endCol=2
23:04:19.038 [main] INFO  com.petstore.api.utils.ExcelUtility - startRow=0, endRow=3, startCol=0, endCol=4
23:04:19.054 [main] INFO  com.petstore.backend.tests.TC_001_PetTests -  Update name and status of a pet identified by Pet ID [2000]
23:04:20.390 [main] INFO  com.petstore.api.utils.RestUtils - Response :{"code":404,"type":"unknown","message":"not found"}
23:04:20.394 [main] INFO  com.petstore.backend.tests.TC_001_PetTests -  Verify Update is successful - Response code : [404]
23:04:20.394 [main] INFO  com.petstore.backend.tests.TC_001_PetTests - Check Update is successful by fetching the Pet by ID
23:04:21.529 [main] INFO  com.petstore.api.utils.RestUtils - Response :{"code":1,"type":"error","message":"Pet not found"}
23:04:21.530 [main] INFO  com.petstore.backend.tests.TC_001_PetTests - Verify Get Pet by ID - Response : [404]
23:04:21.569 [main] ERROR com.petstore.backend.tests.TC_001_PetTests - Exception Occurred during execution of Test [Cannot invoke "Object.toString()" because the return value of "io.restassured.path.json.JsonPath.get(String)" is null]
23:04:21.674 [main] INFO  com.petstore.api.utils.ExcelUtility - startRow=0, endRow=3, startCol=0, endCol=4
23:04:21.689 [main] INFO  com.petstore.backend.tests.TC_001_PetTests -  Update name and status of a pet identified by Pet ID [2000]
23:04:23.063 [main] INFO  com.petstore.api.utils.RestUtils - Response :{"code":404,"type":"unknown","message":"not found"}
23:04:23.065 [main] INFO  com.petstore.backend.tests.TC_001_PetTests -  Verify Update is successful - Response code : [404]
23:04:23.065 [main] INFO  com.petstore.backend.tests.TC_001_PetTests - Check Update is successful by fetching the Pet by ID
23:04:24.294 [main] INFO  com.petstore.api.utils.RestUtils - Response :{"code":1,"type":"error","message":"Pet not found"}
23:04:24.296 [main] INFO  com.petstore.backend.tests.TC_001_PetTests - Verify Get Pet by ID - Response : [404]
23:04:24.340 [main] ERROR com.petstore.backend.tests.TC_001_PetTests - Exception Occurred during execution of Test [Cannot invoke "Object.toString()" because the return value of "io.restassured.path.json.JsonPath.get(String)" is null]
23:04:24.355 [main] INFO  com.petstore.backend.tests.TC_001_PetTests -  Update name and status of a pet identified by Pet ID [2001]
23:04:25.539 [main] INFO  com.petstore.api.utils.RestUtils - Response :{"code":404,"type":"unknown","message":"not found"}
23:04:25.545 [main] INFO  com.petstore.backend.tests.TC_001_PetTests -  Verify Update is successful - Response code : [404]
23:04:25.545 [main] INFO  com.petstore.backend.tests.TC_001_PetTests - Check Update is successful by fetching the Pet by ID
23:04:26.854 [main] INFO  com.petstore.api.utils.RestUtils - Response :{"code":1,"type":"error","message":"Pet not found"}
23:04:26.856 [main] INFO  com.petstore.backend.tests.TC_001_PetTests - Verify Get Pet by ID - Response : [404]
23:04:26.878 [main] ERROR com.petstore.backend.tests.TC_001_PetTests - Exception Occurred during execution of Test [Cannot invoke "Object.toString()" because the return value of "io.restassured.path.json.JsonPath.get(String)" is null]
23:04:26.990 [main] INFO  com.petstore.api.utils.ExcelUtility - startRow=0, endRow=3, startCol=0, endCol=4
23:04:27.007 [main] INFO  com.petstore.backend.tests.TC_001_PetTests -  Update name and status of a pet identified by Pet ID [2001]
23:04:28.230 [main] INFO  com.petstore.api.utils.RestUtils - Response :{"code":404,"type":"unknown","message":"not found"}
23:04:28.232 [main] INFO  com.petstore.backend.tests.TC_001_PetTests -  Verify Update is successful - Response code : [404]
23:04:28.232 [main] INFO  com.petstore.backend.tests.TC_001_PetTests - Check Update is successful by fetching the Pet by ID
23:04:29.525 [main] INFO  com.petstore.api.utils.RestUtils - Response :{"code":1,"type":"error","message":"Pet not found"}
23:04:29.526 [main] INFO  com.petstore.backend.tests.TC_001_PetTests - Verify Get Pet by ID - Response : [404]
23:04:29.571 [main] ERROR com.petstore.backend.tests.TC_001_PetTests - Exception Occurred during execution of Test [Cannot invoke "Object.toString()" because the return value of "io.restassured.path.json.JsonPath.get(String)" is null]
23:05:18.682 [main] INFO  com.petstore.backend.tests.TC_001_PetTests - Add a new pet to store
23:05:22.632 [main] INFO  com.petstore.api.utils.RestUtils - Response :{"id":2000,"category":{"id":1,"name":"Pomerian"},"name":"Ronny","photoUrls":["https://www.goodhousekeeping.com/life/pets/g4531/cutest-dog-breeds/"],"tags":[{"id":1,"name":"dog"}],"status":"available"}
23:05:22.641 [main] INFO  com.petstore.backend.tests.TC_001_PetTests - Verify pet addition to store is successful
23:05:22.650 [main] INFO  com.petstore.backend.tests.TC_001_PetTests - Fetch pet by ID
23:05:24.110 [main] INFO  com.petstore.api.utils.RestUtils - Response :{"id":2000,"category":{"id":1,"name":"Pomerian"},"name":"Ronny","photoUrls":["https://www.goodhousekeeping.com/life/pets/g4531/cutest-dog-breeds/"],"tags":[{"id":1,"name":"dog"}],"status":"available"}
23:05:24.114 [main] INFO  com.petstore.backend.tests.TC_001_PetTests - Verify pet is fetched from the store
23:05:24.114 [main] INFO  com.petstore.backend.tests.TC_001_PetTests - Validate Pet status is same as the created status
23:05:24.976 [main] INFO  com.petstore.backend.tests.TC_001_PetTests - Add a new pet to store
23:05:26.357 [main] INFO  com.petstore.api.utils.RestUtils - Response :{"id":2001,"category":{"id":1,"name":"Pomerian"},"name":"Rocky","photoUrls":["https://www.goodhousekeeping.com/life/pets/g4531/cutest-dog-breeds/"],"tags":[{"id":1,"name":"dog"}],"status":"available"}
23:05:26.366 [main] INFO  com.petstore.backend.tests.TC_001_PetTests - Verify pet addition to store is successful
23:05:26.366 [main] INFO  com.petstore.backend.tests.TC_001_PetTests - Fetch pet by ID
23:05:27.571 [main] INFO  com.petstore.api.utils.RestUtils - Response :{"id":2001,"category":{"id":1,"name":"Pomerian"},"name":"Rocky","photoUrls":["https://www.goodhousekeeping.com/life/pets/g4531/cutest-dog-breeds/"],"tags":[{"id":1,"name":"dog"}],"status":"available"}
23:05:27.575 [main] INFO  com.petstore.backend.tests.TC_001_PetTests - Verify pet is fetched from the store
23:05:27.576 [main] INFO  com.petstore.backend.tests.TC_001_PetTests - Validate Pet status is same as the created status
23:05:27.847 [main] INFO  com.petstore.api.utils.ExcelUtility - startRow=4, endRow=5, startCol=0, endCol=2
23:05:27.934 [main] INFO  com.petstore.api.utils.ExcelUtility - startRow=0, endRow=3, startCol=0, endCol=4
23:05:27.952 [main] INFO  com.petstore.backend.tests.TC_001_PetTests -  Update name and status of a pet identified by Pet ID [2000]
23:05:32.440 [main] INFO  com.petstore.backend.tests.TC_001_PetTests - Add a new pet to store
23:05:36.381 [main] INFO  com.petstore.api.utils.RestUtils - Response :{"id":2000,"category":{"id":1,"name":"Pomerian"},"name":"Ronny","photoUrls":["https://www.goodhousekeeping.com/life/pets/g4531/cutest-dog-breeds/"],"tags":[{"id":1,"name":"dog"}],"status":"available"}
23:05:36.391 [main] INFO  com.petstore.backend.tests.TC_001_PetTests - Verify pet addition to store is successful
23:05:36.402 [main] INFO  com.petstore.backend.tests.TC_001_PetTests - Fetch pet by ID
23:05:37.885 [main] INFO  com.petstore.api.utils.RestUtils - Response :{"id":2000,"category":{"id":1,"name":"Pomerian"},"name":"Ronny","photoUrls":["https://www.goodhousekeeping.com/life/pets/g4531/cutest-dog-breeds/"],"tags":[{"id":1,"name":"dog"}],"status":"available"}
23:05:37.887 [main] INFO  com.petstore.backend.tests.TC_001_PetTests - Verify pet is fetched from the store
23:05:37.887 [main] INFO  com.petstore.backend.tests.TC_001_PetTests - Validate Pet status is same as the created status
23:05:38.743 [main] INFO  com.petstore.backend.tests.TC_001_PetTests - Add a new pet to store
23:05:40.354 [main] INFO  com.petstore.api.utils.RestUtils - Response :{"id":2001,"category":{"id":1,"name":"Pomerian"},"name":"Rocky","photoUrls":["https://www.goodhousekeeping.com/life/pets/g4531/cutest-dog-breeds/"],"tags":[{"id":1,"name":"dog"}],"status":"available"}
23:05:40.360 [main] INFO  com.petstore.backend.tests.TC_001_PetTests - Verify pet addition to store is successful
23:05:40.361 [main] INFO  com.petstore.backend.tests.TC_001_PetTests - Fetch pet by ID
23:05:42.917 [main] INFO  com.petstore.api.utils.RestUtils - Response :{"id":2001,"category":{"id":1,"name":"Pomerian"},"name":"Rocky","photoUrls":["https://www.goodhousekeeping.com/life/pets/g4531/cutest-dog-breeds/"],"tags":[{"id":1,"name":"dog"}],"status":"available"}
23:05:42.919 [main] INFO  com.petstore.backend.tests.TC_001_PetTests - Verify pet is fetched from the store
23:05:42.920 [main] INFO  com.petstore.backend.tests.TC_001_PetTests - Validate Pet status is same as the created status
23:05:43.165 [main] INFO  com.petstore.api.utils.ExcelUtility - startRow=4, endRow=5, startCol=0, endCol=2
23:05:43.250 [main] INFO  com.petstore.api.utils.ExcelUtility - startRow=0, endRow=3, startCol=0, endCol=4
23:05:43.266 [main] INFO  com.petstore.backend.tests.TC_001_PetTests -  Update name and status of a pet identified by Pet ID [2000]
23:05:44.568 [main] INFO  com.petstore.api.utils.RestUtils - Response :{"code":200,"type":"unknown","message":"2000"}
23:05:44.574 [main] INFO  com.petstore.backend.tests.TC_001_PetTests -  Verify Update is successful - Response code : [200]
23:05:44.574 [main] INFO  com.petstore.backend.tests.TC_001_PetTests - Check Update is successful by fetching the Pet by ID
23:05:45.670 [main] INFO  com.petstore.api.utils.RestUtils - Response :{"id":2000,"category":{"id":1,"name":"Pomerian"},"name":"Deepika","photoUrls":["https://www.goodhousekeeping.com/life/pets/g4531/cutest-dog-breeds/"],"tags":[{"id":1,"name":"dog"}],"status":"available"}
23:05:45.673 [main] INFO  com.petstore.backend.tests.TC_001_PetTests - Verify Get Pet by ID - Response : [200]
23:05:45.833 [main] INFO  com.petstore.api.utils.ExcelUtility - startRow=0, endRow=3, startCol=0, endCol=4
23:05:45.849 [main] INFO  com.petstore.backend.tests.TC_001_PetTests -  Update name and status of a pet identified by Pet ID [2000]
23:05:47.227 [main] INFO  com.petstore.api.utils.RestUtils - Response :{"code":200,"type":"unknown","message":"2000"}
23:05:47.230 [main] INFO  com.petstore.backend.tests.TC_001_PetTests -  Verify Update is successful - Response code : [200]
23:05:47.232 [main] INFO  com.petstore.backend.tests.TC_001_PetTests - Check Update is successful by fetching the Pet by ID
23:05:48.465 [main] INFO  com.petstore.api.utils.RestUtils - Response :{"id":2000,"category":{"id":1,"name":"Pomerian"},"name":"Deepika","photoUrls":["https://www.goodhousekeeping.com/life/pets/g4531/cutest-dog-breeds/"],"tags":[{"id":1,"name":"dog"}],"status":"available"}
23:05:48.467 [main] INFO  com.petstore.backend.tests.TC_001_PetTests - Verify Get Pet by ID - Response : [200]
23:05:48.555 [main] INFO  com.petstore.backend.tests.TC_001_PetTests -  Update name and status of a pet identified by Pet ID [2001]
23:05:49.998 [main] INFO  com.petstore.api.utils.RestUtils - Response :{"code":200,"type":"unknown","message":"2001"}
23:05:50.000 [main] INFO  com.petstore.backend.tests.TC_001_PetTests -  Verify Update is successful - Response code : [200]
23:05:50.000 [main] INFO  com.petstore.backend.tests.TC_001_PetTests - Check Update is successful by fetching the Pet by ID
23:05:51.252 [main] INFO  com.petstore.api.utils.RestUtils - Response :{"id":2001,"category":{"id":1,"name":"Pomerian"},"name":"Mehta","photoUrls":["https://www.goodhousekeeping.com/life/pets/g4531/cutest-dog-breeds/"],"tags":[{"id":1,"name":"dog"}],"status":"sold"}
23:05:51.255 [main] INFO  com.petstore.backend.tests.TC_001_PetTests - Verify Get Pet by ID - Response : [200]
23:05:51.419 [main] INFO  com.petstore.api.utils.ExcelUtility - startRow=0, endRow=3, startCol=0, endCol=4
23:05:51.433 [main] INFO  com.petstore.backend.tests.TC_001_PetTests -  Update name and status of a pet identified by Pet ID [2001]
23:05:52.888 [main] INFO  com.petstore.api.utils.RestUtils - Response :{"code":200,"type":"unknown","message":"2001"}
23:05:52.894 [main] INFO  com.petstore.backend.tests.TC_001_PetTests -  Verify Update is successful - Response code : [200]
23:05:52.894 [main] INFO  com.petstore.backend.tests.TC_001_PetTests - Check Update is successful by fetching the Pet by ID
23:05:54.224 [main] INFO  com.petstore.api.utils.RestUtils - Response :{"id":2001,"category":{"id":1,"name":"Pomerian"},"name":"Mehta","photoUrls":["https://www.goodhousekeeping.com/life/pets/g4531/cutest-dog-breeds/"],"tags":[{"id":1,"name":"dog"}],"status":"sold"}
23:05:54.225 [main] INFO  com.petstore.backend.tests.TC_001_PetTests - Verify Get Pet by ID - Response : [200]
23:09:53.946 [main] INFO  com.petstore.backend.tests.TC_001_PetTests - Add a new pet to store
23:09:58.141 [main] INFO  com.petstore.api.utils.RestUtils - Response :{"id":2000,"category":{"id":1,"name":"Pomerian"},"name":"Ronny","photoUrls":["https://www.goodhousekeeping.com/life/pets/g4531/cutest-dog-breeds/"],"tags":[{"id":1,"name":"dog"}],"status":"available"}
23:09:58.150 [main] INFO  com.petstore.backend.tests.TC_001_PetTests - Verify pet addition to store is successful
23:09:58.158 [main] INFO  com.petstore.backend.tests.TC_001_PetTests - Fetch pet by ID
23:09:59.561 [main] INFO  com.petstore.api.utils.RestUtils - Response :{"id":2000,"category":{"id":1,"name":"Pomerian"},"name":"Ronny","photoUrls":["https://www.goodhousekeeping.com/life/pets/g4531/cutest-dog-breeds/"],"tags":[{"id":1,"name":"dog"}],"status":"available"}
23:09:59.564 [main] INFO  com.petstore.backend.tests.TC_001_PetTests - Verify pet is fetched from the store
23:09:59.564 [main] INFO  com.petstore.backend.tests.TC_001_PetTests - Validate Pet status is same as the created status
23:10:00.403 [main] INFO  com.petstore.backend.tests.TC_001_PetTests - Add a new pet to store
23:10:01.720 [main] INFO  com.petstore.api.utils.RestUtils - Response :{"id":2001,"category":{"id":1,"name":"Pomerian"},"name":"Rocky","photoUrls":["https://www.goodhousekeeping.com/life/pets/g4531/cutest-dog-breeds/"],"tags":[{"id":1,"name":"dog"}],"status":"sold"}
23:10:01.727 [main] INFO  com.petstore.backend.tests.TC_001_PetTests - Verify pet addition to store is successful
23:10:01.727 [main] INFO  com.petstore.backend.tests.TC_001_PetTests - Fetch pet by ID
23:10:03.043 [main] INFO  com.petstore.api.utils.RestUtils - Response :{"id":2001,"category":{"id":1,"name":"Pomerian"},"name":"Rocky","photoUrls":["https://www.goodhousekeeping.com/life/pets/g4531/cutest-dog-breeds/"],"tags":[{"id":1,"name":"dog"}],"status":"sold"}
23:10:03.049 [main] INFO  com.petstore.backend.tests.TC_001_PetTests - Verify pet is fetched from the store
23:10:03.050 [main] INFO  com.petstore.backend.tests.TC_001_PetTests - Validate Pet status is same as the created status
23:10:03.313 [main] INFO  com.petstore.api.utils.ExcelUtility - startRow=4, endRow=5, startCol=0, endCol=2
23:10:03.403 [main] INFO  com.petstore.api.utils.ExcelUtility - startRow=0, endRow=3, startCol=0, endCol=4
23:10:03.419 [main] INFO  com.petstore.backend.tests.TC_001_PetTests -  Update name and status of a pet identified by Pet ID [2000]
23:10:04.708 [main] INFO  com.petstore.api.utils.RestUtils - Response :{"code":200,"type":"unknown","message":"2000"}
23:10:04.711 [main] INFO  com.petstore.backend.tests.TC_001_PetTests -  Verify Update is successful - Response code : [200]
23:10:04.711 [main] INFO  com.petstore.backend.tests.TC_001_PetTests - Check Update is successful by fetching the Pet by ID
23:10:05.954 [main] INFO  com.petstore.api.utils.RestUtils - Response :{"id":2000,"category":{"id":1,"name":"Pomerian"},"name":"Deepika","photoUrls":["https://www.goodhousekeeping.com/life/pets/g4531/cutest-dog-breeds/"],"tags":[{"id":1,"name":"dog"}],"status":"available"}
23:10:05.956 [main] INFO  com.petstore.backend.tests.TC_001_PetTests - Verify Get Pet by ID - Response : [200]
23:10:06.002 [main] INFO  com.petstore.backend.tests.TC_001_PetTests - Expected [available] , Actual [available]
23:10:06.039 [main] INFO  com.petstore.backend.tests.TC_001_PetTests - Expected [Deepika] , Actual [Deepika]
23:10:06.042 [main] INFO  com.petstore.backend.tests.TC_001_PetTests -  Update name and status of a pet identified by Pet ID [2001]
23:10:07.276 [main] INFO  com.petstore.api.utils.RestUtils - Response :{"code":200,"type":"unknown","message":"2001"}
23:10:07.279 [main] INFO  com.petstore.backend.tests.TC_001_PetTests -  Verify Update is successful - Response code : [200]
23:10:07.280 [main] INFO  com.petstore.backend.tests.TC_001_PetTests - Check Update is successful by fetching the Pet by ID
23:10:08.675 [main] INFO  com.petstore.api.utils.RestUtils - Response :{"id":2001,"category":{"id":1,"name":"Pomerian"},"name":"Mehta","photoUrls":["https://www.goodhousekeeping.com/life/pets/g4531/cutest-dog-breeds/"],"tags":[{"id":1,"name":"dog"}],"status":"sold"}
23:10:08.681 [main] INFO  com.petstore.backend.tests.TC_001_PetTests - Verify Get Pet by ID - Response : [200]
23:10:08.719 [main] INFO  com.petstore.backend.tests.TC_001_PetTests - Expected [sold] , Actual [sold]
23:10:08.742 [main] INFO  com.petstore.backend.tests.TC_001_PetTests - Expected [Mehta] , Actual [Mehta]
23:12:29.079 [main] INFO  com.petstore.api.utils.ExcelUtility - startRow=4, endRow=5, startCol=0, endCol=2
23:13:18.050 [main] INFO  com.petstore.api.utils.ExcelUtility - startRow=4, endRow=6, startCol=0, endCol=2
23:13:28.482 [main] INFO  com.petstore.api.utils.ExcelUtility - startRow=4, endRow=6, startCol=0, endCol=2
23:13:37.874 [main] INFO  com.petstore.api.utils.ExcelUtility - startRow=4, endRow=6, startCol=0, endCol=2
23:13:41.614 [main] INFO  com.petstore.api.utils.ExcelUtility - startRow=4, endRow=6, startCol=0, endCol=2
23:13:47.608 [main] INFO  com.petstore.backend.tests.TC_001_PetTests - Add a new pet to store
23:13:51.418 [main] INFO  com.petstore.api.utils.RestUtils - Response :{"id":2000,"category":{"id":1,"name":"Pomerian"},"name":"Ronny","photoUrls":["https://www.goodhousekeeping.com/life/pets/g4531/cutest-dog-breeds/"],"tags":[{"id":1,"name":"dog"}],"status":"available"}
23:13:51.435 [main] INFO  com.petstore.backend.tests.TC_001_PetTests - Verify pet addition to store is successful
23:13:51.443 [main] INFO  com.petstore.backend.tests.TC_001_PetTests - Fetch pet by ID
23:13:52.711 [main] INFO  com.petstore.api.utils.RestUtils - Response :{"id":2000,"category":{"id":1,"name":"Pomerian"},"name":"Ronny","photoUrls":["https://www.goodhousekeeping.com/life/pets/g4531/cutest-dog-breeds/"],"tags":[{"id":1,"name":"dog"}],"status":"available"}
23:13:52.713 [main] INFO  com.petstore.backend.tests.TC_001_PetTests - Verify pet is fetched from the store
23:13:52.713 [main] INFO  com.petstore.backend.tests.TC_001_PetTests - Validate Pet status is same as the created status
23:13:53.590 [main] INFO  com.petstore.backend.tests.TC_001_PetTests - Add a new pet to store
23:13:54.900 [main] INFO  com.petstore.api.utils.RestUtils - Response :{"id":2001,"category":{"id":1,"name":"Pomerian"},"name":"Rocky","photoUrls":["https://www.goodhousekeeping.com/life/pets/g4531/cutest-dog-breeds/"],"tags":[{"id":1,"name":"dog"}],"status":"sold"}
23:13:54.907 [main] INFO  com.petstore.backend.tests.TC_001_PetTests - Verify pet addition to store is successful
23:13:54.908 [main] INFO  com.petstore.backend.tests.TC_001_PetTests - Fetch pet by ID
23:13:56.422 [main] INFO  com.petstore.api.utils.RestUtils - Response :{"id":2001,"category":{"id":1,"name":"Pomerian"},"name":"Rocky","photoUrls":["https://www.goodhousekeeping.com/life/pets/g4531/cutest-dog-breeds/"],"tags":[{"id":1,"name":"dog"}],"status":"sold"}
23:13:56.425 [main] INFO  com.petstore.backend.tests.TC_001_PetTests - Verify pet is fetched from the store
23:13:56.426 [main] INFO  com.petstore.backend.tests.TC_001_PetTests - Validate Pet status is same as the created status
23:13:56.691 [main] INFO  com.petstore.api.utils.ExcelUtility - startRow=4, endRow=6, startCol=0, endCol=2
23:13:56.707 [main] INFO  com.petstore.backend.tests.TC_001_PetTests -  Delete Pet identified by Pet ID [2001]
23:13:58.176 [main] INFO  com.petstore.api.utils.RestUtils - Response :{"code":200,"type":"unknown","message":"2001"}
23:13:58.183 [main] INFO  com.petstore.backend.tests.TC_001_PetTests - Fetch pet by ID
23:13:59.406 [main] INFO  com.petstore.api.utils.RestUtils - Response :{"code":1,"type":"error","message":"Pet not found"}
23:13:59.407 [main] INFO  com.petstore.backend.tests.TC_001_PetTests - Verify Pet is not found [404]
23:13:59.499 [main] INFO  com.petstore.api.utils.ExcelUtility - startRow=0, endRow=3, startCol=0, endCol=4
23:13:59.516 [main] INFO  com.petstore.backend.tests.TC_001_PetTests -  Update name and status of a pet identified by Pet ID [2000]
23:14:00.772 [main] INFO  com.petstore.api.utils.RestUtils - Response :{"code":200,"type":"unknown","message":"2000"}
23:14:00.776 [main] INFO  com.petstore.backend.tests.TC_001_PetTests -  Verify Update is successful - Response code : [200]
23:14:00.776 [main] INFO  com.petstore.backend.tests.TC_001_PetTests - Check Update is successful by fetching the Pet by ID
23:14:02.034 [main] INFO  com.petstore.api.utils.RestUtils - Response :{"id":2000,"category":{"id":1,"name":"Pomerian"},"name":"Deepika","photoUrls":["https://www.goodhousekeeping.com/life/pets/g4531/cutest-dog-breeds/"],"tags":[{"id":1,"name":"dog"}],"status":"available"}
23:14:02.037 [main] INFO  com.petstore.backend.tests.TC_001_PetTests - Verify Get Pet by ID - Response : [200]
23:14:02.113 [main] INFO  com.petstore.backend.tests.TC_001_PetTests - Expected [available] , Actual [available]
23:14:02.149 [main] INFO  com.petstore.backend.tests.TC_001_PetTests - Expected [Deepika] , Actual [Deepika]
23:14:02.154 [main] INFO  com.petstore.backend.tests.TC_001_PetTests -  Update name and status of a pet identified by Pet ID [2001]
23:14:03.247 [main] INFO  com.petstore.api.utils.RestUtils - Response :{"code":404,"type":"unknown","message":"not found"}
23:14:03.252 [main] INFO  com.petstore.backend.tests.TC_001_PetTests -  Verify Update is successful - Response code : [404]
23:14:03.252 [main] INFO  com.petstore.backend.tests.TC_001_PetTests - Check Update is successful by fetching the Pet by ID
23:14:04.365 [main] INFO  com.petstore.api.utils.RestUtils - Response :{"code":1,"type":"error","message":"Pet not found"}
23:14:04.366 [main] INFO  com.petstore.backend.tests.TC_001_PetTests - Verify Get Pet by ID - Response : [404]
23:14:04.385 [main] ERROR com.petstore.backend.tests.TC_001_PetTests - Exception Occurred during execution of Test [Cannot invoke "Object.toString()" because the return value of "io.restassured.path.json.JsonPath.get(String)" is null]
23:14:04.509 [main] INFO  com.petstore.api.utils.ExcelUtility - startRow=0, endRow=3, startCol=0, endCol=4
23:14:04.526 [main] INFO  com.petstore.backend.tests.TC_001_PetTests -  Update name and status of a pet identified by Pet ID [2001]
23:14:06.103 [main] INFO  com.petstore.api.utils.RestUtils - Response :{"code":404,"type":"unknown","message":"not found"}
23:14:06.110 [main] INFO  com.petstore.backend.tests.TC_001_PetTests -  Verify Update is successful - Response code : [404]
23:14:06.111 [main] INFO  com.petstore.backend.tests.TC_001_PetTests - Check Update is successful by fetching the Pet by ID
23:14:07.246 [main] INFO  com.petstore.api.utils.RestUtils - Response :{"code":1,"type":"error","message":"Pet not found"}
23:14:07.249 [main] INFO  com.petstore.backend.tests.TC_001_PetTests - Verify Get Pet by ID - Response : [404]
23:14:07.319 [main] ERROR com.petstore.backend.tests.TC_001_PetTests - Exception Occurred during execution of Test [Cannot invoke "Object.toString()" because the return value of "io.restassured.path.json.JsonPath.get(String)" is null]
23:18:43.004 [main] INFO  com.petstore.backend.tests.TC_001_PetTests - Add a new pet to store
23:18:47.007 [main] INFO  com.petstore.api.utils.RestUtils - Response :{"id":2000,"category":{"id":1,"name":"Pomerian"},"name":"Ronny","photoUrls":["https://www.goodhousekeeping.com/life/pets/g4531/cutest-dog-breeds/"],"tags":[{"id":1,"name":"dog"}],"status":"available"}
23:18:47.017 [main] INFO  com.petstore.backend.tests.TC_001_PetTests - Verify pet addition to store is successful
23:18:47.022 [main] INFO  com.petstore.backend.tests.TC_001_PetTests - Fetch pet by ID
23:18:48.472 [main] INFO  com.petstore.api.utils.RestUtils - Response :{"id":2000,"category":{"id":1,"name":"Pomerian"},"name":"Ronny","photoUrls":["https://www.goodhousekeeping.com/life/pets/g4531/cutest-dog-breeds/"],"tags":[{"id":1,"name":"dog"}],"status":"available"}
23:18:48.473 [main] INFO  com.petstore.backend.tests.TC_001_PetTests - Verify pet is fetched from the store
23:18:48.474 [main] INFO  com.petstore.backend.tests.TC_001_PetTests - Validate Pet status is same as the created status
23:18:49.327 [main] INFO  com.petstore.backend.tests.TC_001_PetTests - Add a new pet to store
23:18:50.654 [main] INFO  com.petstore.api.utils.RestUtils - Response :{"id":2001,"category":{"id":1,"name":"Pomerian"},"name":"Rocky","photoUrls":["https://www.goodhousekeeping.com/life/pets/g4531/cutest-dog-breeds/"],"tags":[{"id":1,"name":"dog"}],"status":"sold"}
23:18:50.661 [main] INFO  com.petstore.backend.tests.TC_001_PetTests - Verify pet addition to store is successful
23:18:50.662 [main] INFO  com.petstore.backend.tests.TC_001_PetTests - Fetch pet by ID
23:18:51.765 [main] INFO  com.petstore.api.utils.RestUtils - Response :{"id":2001,"category":{"id":1,"name":"Pomerian"},"name":"Rocky","photoUrls":["https://www.goodhousekeeping.com/life/pets/g4531/cutest-dog-breeds/"],"tags":[{"id":1,"name":"dog"}],"status":"sold"}
23:18:51.768 [main] INFO  com.petstore.backend.tests.TC_001_PetTests - Verify pet is fetched from the store
23:18:51.769 [main] INFO  com.petstore.backend.tests.TC_001_PetTests - Validate Pet status is same as the created status
23:18:52.049 [main] INFO  com.petstore.api.utils.ExcelUtility - startRow=4, endRow=6, startCol=0, endCol=2
23:18:52.060 [main] INFO  com.petstore.backend.tests.TC_001_PetTests -  Delete Pet identified by Pet ID [2001]
23:18:53.369 [main] INFO  com.petstore.api.utils.RestUtils - Response :{"code":200,"type":"unknown","message":"2001"}
23:18:53.374 [main] INFO  com.petstore.backend.tests.TC_001_PetTests - Fetch pet by ID
23:18:54.693 [main] INFO  com.petstore.api.utils.RestUtils - Response :{"code":1,"type":"error","message":"Pet not found"}
23:18:54.695 [main] INFO  com.petstore.backend.tests.TC_001_PetTests - Verify Pet is not found [404]
23:18:54.794 [main] INFO  com.petstore.api.utils.ExcelUtility - startRow=0, endRow=3, startCol=0, endCol=4
23:18:54.809 [main] INFO  com.petstore.backend.tests.TC_001_PetTests -  Update name and status of a pet identified by Pet ID [2000]
23:18:56.068 [main] INFO  com.petstore.api.utils.RestUtils - Response :{"code":200,"type":"unknown","message":"2000"}
23:18:56.071 [main] INFO  com.petstore.backend.tests.TC_001_PetTests -  Verify Update is successful - Response code : [200]
23:18:56.071 [main] INFO  com.petstore.backend.tests.TC_001_PetTests - Check Update is successful by fetching the Pet by ID
23:18:57.226 [main] INFO  com.petstore.api.utils.RestUtils - Response :{"id":2000,"category":{"id":1,"name":"Pomerian"},"name":"Deepika","photoUrls":["https://www.goodhousekeeping.com/life/pets/g4531/cutest-dog-breeds/"],"tags":[{"id":1,"name":"dog"}],"status":"available"}
23:18:57.230 [main] INFO  com.petstore.backend.tests.TC_001_PetTests - Verify Get Pet by ID - Response : [200]
23:18:57.300 [main] INFO  com.petstore.backend.tests.TC_001_PetTests - Expected [available] , Actual [available]
23:18:57.335 [main] INFO  com.petstore.backend.tests.TC_001_PetTests - Expected [Deepika] , Actual [Deepika]
23:18:57.340 [main] INFO  com.petstore.backend.tests.TC_001_PetTests -  Update name and status of a pet identified by Pet ID [2001]
23:18:58.605 [main] INFO  com.petstore.api.utils.RestUtils - Response :{"code":404,"type":"unknown","message":"not found"}
23:18:58.613 [main] INFO  com.petstore.backend.tests.TC_001_PetTests -  Verify Update is successful - Response code : [404]
23:18:58.613 [main] INFO  com.petstore.backend.tests.TC_001_PetTests - Check Update is successful by fetching the Pet by ID
23:18:59.938 [main] INFO  com.petstore.api.utils.RestUtils - Response :{"code":1,"type":"error","message":"Pet not found"}
23:18:59.940 [main] INFO  com.petstore.backend.tests.TC_001_PetTests - Verify Get Pet by ID - Response : [404]
23:18:59.958 [main] ERROR com.petstore.backend.tests.TC_001_PetTests - Exception Occurred during execution of Test [Cannot invoke "Object.toString()" because the return value of "io.restassured.path.json.JsonPath.get(String)" is null]
23:19:00.059 [main] INFO  com.petstore.api.utils.ExcelUtility - startRow=0, endRow=3, startCol=0, endCol=4
23:19:00.073 [main] INFO  com.petstore.backend.tests.TC_001_PetTests -  Update name and status of a pet identified by Pet ID [2001]
23:19:01.392 [main] INFO  com.petstore.api.utils.RestUtils - Response :{"code":404,"type":"unknown","message":"not found"}
23:19:01.396 [main] INFO  com.petstore.backend.tests.TC_001_PetTests -  Verify Update is successful - Response code : [404]
23:19:01.397 [main] INFO  com.petstore.backend.tests.TC_001_PetTests - Check Update is successful by fetching the Pet by ID
23:19:02.536 [main] INFO  com.petstore.api.utils.RestUtils - Response :{"code":1,"type":"error","message":"Pet not found"}
23:19:02.543 [main] INFO  com.petstore.backend.tests.TC_001_PetTests - Verify Get Pet by ID - Response : [404]
23:19:02.605 [main] ERROR com.petstore.backend.tests.TC_001_PetTests - Exception Occurred during execution of Test [Cannot invoke "Object.toString()" because the return value of "io.restassured.path.json.JsonPath.get(String)" is null]
16:24:31.275 [main] INFO  com.petstore.backend.tests.TC_001_PetTests - Add a new pet to store
16:24:35.918 [main] INFO  com.petstore.api.utils.RestUtils - Response :{"id":2000,"category":{"id":1,"name":"Pomerian"},"name":"Ronny","photoUrls":["https://www.goodhousekeeping.com/life/pets/g4531/cutest-dog-breeds/"],"tags":[{"id":1,"name":"dog"}],"status":"available"}
16:24:35.929 [main] INFO  com.petstore.backend.tests.TC_001_PetTests - Verify pet addition to store is successful
16:24:35.938 [main] INFO  com.petstore.backend.tests.TC_001_PetTests - Fetch pet by ID
16:24:37.757 [main] INFO  com.petstore.api.utils.RestUtils - Response :{"id":2000,"category":{"id":1,"name":"Pomerian"},"name":"Ronny","photoUrls":["https://www.goodhousekeeping.com/life/pets/g4531/cutest-dog-breeds/"],"tags":[{"id":1,"name":"dog"}],"status":"available"}
16:24:37.762 [main] INFO  com.petstore.backend.tests.TC_001_PetTests - Verify pet is fetched from the store
16:24:37.762 [main] INFO  com.petstore.backend.tests.TC_001_PetTests - Validate Pet status is same as the created status
16:24:38.597 [main] INFO  com.petstore.backend.tests.TC_001_PetTests - Add a new pet to store
16:24:40.388 [main] INFO  com.petstore.api.utils.RestUtils - Response :{"id":2001,"category":{"id":1,"name":"Pomerian"},"name":"Rocky","photoUrls":["https://www.goodhousekeeping.com/life/pets/g4531/cutest-dog-breeds/"],"tags":[{"id":1,"name":"dog"}],"status":"sold"}
16:24:40.399 [main] INFO  com.petstore.backend.tests.TC_001_PetTests - Verify pet addition to store is successful
16:24:40.400 [main] INFO  com.petstore.backend.tests.TC_001_PetTests - Fetch pet by ID
16:24:42.150 [main] INFO  com.petstore.api.utils.RestUtils - Response :{"id":2001,"category":{"id":1,"name":"Pomerian"},"name":"Rocky","photoUrls":["https://www.goodhousekeeping.com/life/pets/g4531/cutest-dog-breeds/"],"tags":[{"id":1,"name":"dog"}],"status":"sold"}
16:24:42.152 [main] INFO  com.petstore.backend.tests.TC_001_PetTests - Verify pet is fetched from the store
16:24:42.153 [main] INFO  com.petstore.backend.tests.TC_001_PetTests - Validate Pet status is same as the created status
16:24:42.408 [main] INFO  com.petstore.api.utils.ExcelUtility - startRow=4, endRow=6, startCol=0, endCol=2
16:24:42.423 [main] INFO  com.petstore.backend.tests.TC_001_PetTests -  Delete Pet identified by Pet ID [2001]
16:24:44.273 [main] INFO  com.petstore.api.utils.RestUtils - Response :{"code":200,"type":"unknown","message":"2001"}
16:24:44.280 [main] INFO  com.petstore.backend.tests.TC_001_PetTests - Fetch pet by ID
16:24:46.014 [main] INFO  com.petstore.api.utils.RestUtils - Response :{"code":1,"type":"error","message":"Pet not found"}
16:24:46.018 [main] INFO  com.petstore.backend.tests.TC_001_PetTests - Verify Pet is not found [404]
16:24:46.120 [main] INFO  com.petstore.api.utils.ExcelUtility - startRow=0, endRow=3, startCol=0, endCol=4
16:24:46.136 [main] INFO  com.petstore.backend.tests.TC_001_PetTests -  Update name and status of a pet identified by Pet ID [2000]
16:24:47.947 [main] INFO  com.petstore.api.utils.RestUtils - Response :{"code":200,"type":"unknown","message":"2000"}
16:24:47.950 [main] INFO  com.petstore.backend.tests.TC_001_PetTests -  Verify Update is successful - Response code : [200]
16:24:47.951 [main] INFO  com.petstore.backend.tests.TC_001_PetTests - Check Update is successful by fetching the Pet by ID
16:24:49.695 [main] INFO  com.petstore.api.utils.RestUtils - Response :{"id":2000,"category":{"id":1,"name":"Pomerian"},"name":"Deepika","photoUrls":["https://www.goodhousekeeping.com/life/pets/g4531/cutest-dog-breeds/"],"tags":[{"id":1,"name":"dog"}],"status":"available"}
16:24:49.698 [main] INFO  com.petstore.backend.tests.TC_001_PetTests - Verify Get Pet by ID - Response : [200]
16:24:49.765 [main] INFO  com.petstore.backend.tests.TC_001_PetTests - Expected [available] , Actual [available]
16:24:49.805 [main] INFO  com.petstore.backend.tests.TC_001_PetTests - Expected [Deepika] , Actual [Deepika]
16:24:49.811 [main] INFO  com.petstore.backend.tests.TC_001_PetTests -  Update name and status of a pet identified by Pet ID [2001]
16:24:51.687 [main] INFO  com.petstore.api.utils.RestUtils - Response :{"code":404,"type":"unknown","message":"not found"}
16:24:51.697 [main] INFO  com.petstore.backend.tests.TC_001_PetTests -  Verify Update is successful - Response code : [404]
16:24:51.697 [main] INFO  com.petstore.backend.tests.TC_001_PetTests - Check Update is successful by fetching the Pet by ID
16:24:53.576 [main] INFO  com.petstore.api.utils.RestUtils - Response :{"code":1,"type":"error","message":"Pet not found"}
16:24:53.578 [main] INFO  com.petstore.backend.tests.TC_001_PetTests - Verify Get Pet by ID - Response : [404]
16:24:53.604 [main] ERROR com.petstore.backend.tests.TC_001_PetTests - Exception Occurred during execution of Test [Cannot invoke "Object.toString()" because the return value of "io.restassured.path.json.JsonPath.get(String)" is null]
16:24:53.718 [main] INFO  com.petstore.api.utils.ExcelUtility - startRow=0, endRow=3, startCol=0, endCol=4
16:24:53.733 [main] INFO  com.petstore.backend.tests.TC_001_PetTests -  Update name and status of a pet identified by Pet ID [2001]
16:24:55.493 [main] INFO  com.petstore.api.utils.RestUtils - Response :{"code":404,"type":"unknown","message":"not found"}
16:24:55.499 [main] INFO  com.petstore.backend.tests.TC_001_PetTests -  Verify Update is successful - Response code : [404]
16:24:55.499 [main] INFO  com.petstore.backend.tests.TC_001_PetTests - Check Update is successful by fetching the Pet by ID
16:24:57.251 [main] INFO  com.petstore.api.utils.RestUtils - Response :{"code":1,"type":"error","message":"Pet not found"}
16:24:57.257 [main] INFO  com.petstore.backend.tests.TC_001_PetTests - Verify Get Pet by ID - Response : [404]
16:24:57.330 [main] ERROR com.petstore.backend.tests.TC_001_PetTests - Exception Occurred during execution of Test [Cannot invoke "Object.toString()" because the return value of "io.restassured.path.json.JsonPath.get(String)" is null]
16:30:02.712 [main] INFO  com.petstore.backend.tests.TC_001_PetTests - Add a new pet to store
16:30:56.708 [main] INFO  com.petstore.backend.tests.TC_001_PetTests - Add a new pet to store
16:31:01.452 [main] INFO  com.petstore.api.utils.RestUtils - Response :{"id":2000,"category":{"id":1,"name":"Pomerian"},"name":"Ronny","photoUrls":["https://www.goodhousekeeping.com/life/pets/g4531/cutest-dog-breeds/"],"tags":[{"id":1,"name":"dog"}],"status":"available"}
16:31:01.464 [main] INFO  com.petstore.backend.tests.TC_001_PetTests - Verify pet addition to store is successful
16:31:01.472 [main] INFO  com.petstore.backend.tests.TC_001_PetTests - Fetch pet by ID
16:31:03.205 [main] INFO  com.petstore.api.utils.RestUtils - Response :{"id":2000,"category":{"id":1,"name":"Pomerian"},"name":"Ronny","photoUrls":["https://www.goodhousekeeping.com/life/pets/g4531/cutest-dog-breeds/"],"tags":[{"id":1,"name":"dog"}],"status":"available"}
16:31:03.208 [main] INFO  com.petstore.backend.tests.TC_001_PetTests - Verify pet is fetched from the store
16:31:03.208 [main] INFO  com.petstore.backend.tests.TC_001_PetTests - Validate Pet status is same as the created status
16:31:04.086 [main] INFO  com.petstore.backend.tests.TC_001_PetTests - Add a new pet to store
16:31:06.045 [main] INFO  com.petstore.api.utils.RestUtils - Response :{"id":2001,"category":{"id":1,"name":"Pomerian"},"name":"Rocky","photoUrls":["https://www.goodhousekeeping.com/life/pets/g4531/cutest-dog-breeds/"],"tags":[{"id":1,"name":"dog"}],"status":"sold"}
16:31:06.054 [main] INFO  com.petstore.backend.tests.TC_001_PetTests - Verify pet addition to store is successful
16:31:06.054 [main] INFO  com.petstore.backend.tests.TC_001_PetTests - Fetch pet by ID
16:31:07.780 [main] INFO  com.petstore.api.utils.RestUtils - Response :{"id":2001,"category":{"id":1,"name":"Pomerian"},"name":"Rocky","photoUrls":["https://www.goodhousekeeping.com/life/pets/g4531/cutest-dog-breeds/"],"tags":[{"id":1,"name":"dog"}],"status":"sold"}
16:31:07.783 [main] INFO  com.petstore.backend.tests.TC_001_PetTests - Verify pet is fetched from the store
16:31:07.784 [main] INFO  com.petstore.backend.tests.TC_001_PetTests - Validate Pet status is same as the created status
16:31:08.044 [main] INFO  com.petstore.api.utils.ExcelUtility - startRow=0, endRow=3, startCol=0, endCol=4
16:31:08.056 [main] INFO  com.petstore.backend.tests.TC_001_PetTests -  Update name and status of a pet identified by Pet ID [2000]
16:31:09.989 [main] INFO  com.petstore.api.utils.RestUtils - Response :{"code":200,"type":"unknown","message":"2000"}
16:31:09.994 [main] INFO  com.petstore.backend.tests.TC_001_PetTests -  Verify Update is successful - Response code : [200]
16:31:09.994 [main] INFO  com.petstore.backend.tests.TC_001_PetTests - Check Update is successful by fetching the Pet by ID
16:31:11.773 [main] INFO  com.petstore.api.utils.RestUtils - Response :{"id":2000,"category":{"id":1,"name":"Pomerian"},"name":"Deepika","photoUrls":["https://www.goodhousekeeping.com/life/pets/g4531/cutest-dog-breeds/"],"tags":[{"id":1,"name":"dog"}],"status":"available"}
16:31:11.774 [main] INFO  com.petstore.backend.tests.TC_001_PetTests - Verify Get Pet by ID - Response : [200]
16:31:11.825 [main] INFO  com.petstore.backend.tests.TC_001_PetTests - Expected [available] , Actual [available]
16:31:11.863 [main] INFO  com.petstore.backend.tests.TC_001_PetTests - Expected [Deepika] , Actual [Deepika]
16:31:11.865 [main] INFO  com.petstore.backend.tests.TC_001_PetTests -  Update name and status of a pet identified by Pet ID [2001]
16:31:13.578 [main] INFO  com.petstore.api.utils.RestUtils - Response :{"code":200,"type":"unknown","message":"2001"}
16:31:13.581 [main] INFO  com.petstore.backend.tests.TC_001_PetTests -  Verify Update is successful - Response code : [200]
16:31:13.581 [main] INFO  com.petstore.backend.tests.TC_001_PetTests - Check Update is successful by fetching the Pet by ID
16:31:15.386 [main] INFO  com.petstore.api.utils.RestUtils - Response :{"id":2001,"category":{"id":1,"name":"Pomerian"},"name":"Mehta","photoUrls":["https://www.goodhousekeeping.com/life/pets/g4531/cutest-dog-breeds/"],"tags":[{"id":1,"name":"dog"}],"status":"sold"}
16:31:15.391 [main] INFO  com.petstore.backend.tests.TC_001_PetTests - Verify Get Pet by ID - Response : [200]
16:31:15.427 [main] INFO  com.petstore.backend.tests.TC_001_PetTests - Expected [sold] , Actual [sold]
16:31:15.456 [main] INFO  com.petstore.backend.tests.TC_001_PetTests - Expected [Mehta] , Actual [Mehta]
16:31:15.564 [main] INFO  com.petstore.api.utils.ExcelUtility - startRow=4, endRow=6, startCol=0, endCol=2
16:31:15.586 [main] INFO  com.petstore.backend.tests.TC_001_PetTests -  Delete Pet identified by Pet ID [2001]
16:31:17.434 [main] INFO  com.petstore.api.utils.RestUtils - Response :{"code":200,"type":"unknown","message":"2001"}
16:31:17.441 [main] INFO  com.petstore.backend.tests.TC_001_PetTests - Fetch pet by ID
16:31:19.244 [main] INFO  com.petstore.api.utils.RestUtils - Response :{"code":1,"type":"error","message":"Pet not found"}
16:31:19.246 [main] INFO  com.petstore.backend.tests.TC_001_PetTests - Verify Pet is not found [404]
16:37:16.908 [main] INFO  com.petstore.backend.tests.TC_001_PetTests - Add a new pet to store
16:37:21.456 [main] INFO  com.petstore.api.utils.RestUtils - Response :{"id":2000,"category":{"id":1,"name":"Pomerian"},"name":"Ronny","photoUrls":["https://www.goodhousekeeping.com/life/pets/g4531/cutest-dog-breeds/"],"tags":[{"id":1,"name":"dog"}],"status":"available"}
16:37:21.467 [main] INFO  com.petstore.backend.tests.TC_001_PetTests - Verify pet addition to store is successful
16:37:21.472 [main] INFO  com.petstore.backend.tests.TC_001_PetTests - Fetch pet by ID
16:37:23.250 [main] INFO  com.petstore.api.utils.RestUtils - Response :{"id":2000,"category":{"id":1,"name":"Pomerian"},"name":"Ronny","photoUrls":["https://www.goodhousekeeping.com/life/pets/g4531/cutest-dog-breeds/"],"tags":[{"id":1,"name":"dog"}],"status":"available"}
16:37:23.252 [main] INFO  com.petstore.backend.tests.TC_001_PetTests - Verify pet is fetched from the store
16:37:23.253 [main] INFO  com.petstore.backend.tests.TC_001_PetTests - Validate Pet status is same as the created status
16:37:24.128 [main] INFO  com.petstore.backend.tests.TC_001_PetTests - Add a new pet to store
16:37:25.891 [main] INFO  com.petstore.api.utils.RestUtils - Response :{"id":2001,"category":{"id":1,"name":"Pomerian"},"name":"Rocky","photoUrls":["https://www.goodhousekeeping.com/life/pets/g4531/cutest-dog-breeds/"],"tags":[{"id":1,"name":"dog"}],"status":"sold"}
16:37:25.903 [main] INFO  com.petstore.backend.tests.TC_001_PetTests - Verify pet addition to store is successful
16:37:25.903 [main] INFO  com.petstore.backend.tests.TC_001_PetTests - Fetch pet by ID
16:37:27.611 [main] INFO  com.petstore.api.utils.RestUtils - Response :{"id":2001,"category":{"id":1,"name":"Pomerian"},"name":"Rocky","photoUrls":["https://www.goodhousekeeping.com/life/pets/g4531/cutest-dog-breeds/"],"tags":[{"id":1,"name":"dog"}],"status":"sold"}
16:37:27.617 [main] INFO  com.petstore.backend.tests.TC_001_PetTests - Verify pet is fetched from the store
16:37:27.618 [main] INFO  com.petstore.backend.tests.TC_001_PetTests - Validate Pet status is same as the created status
16:37:27.678 [main] ERROR com.petstore.api.utils.ExcelUtility - Error in method getDataFromExcelSheet(): java.io.FileNotFoundException: /Users/d0m08qm/Documents/project2024/petstoredemosrc/test/resources/TestDataForPetStoreDemo.xls (No such file or directory)
16:37:27.690 [main] ERROR com.petstore.api.utils.ExcelUtility - Error in method getDataFromExcelSheet(): java.io.FileNotFoundException: /Users/d0m08qm/Documents/project2024/petstoredemosrc/test/resources/TestDataForPetStoreDemo.xls (No such file or directory)
16:37:55.125 [main] INFO  com.petstore.backend.tests.TC_001_PetTests - Add a new pet to store
16:37:59.565 [main] INFO  com.petstore.api.utils.RestUtils - Response :{"id":2000,"category":{"id":1,"name":"Pomerian"},"name":"Ronny","photoUrls":["https://www.goodhousekeeping.com/life/pets/g4531/cutest-dog-breeds/"],"tags":[{"id":1,"name":"dog"}],"status":"available"}
16:37:59.576 [main] INFO  com.petstore.backend.tests.TC_001_PetTests - Verify pet addition to store is successful
16:37:59.587 [main] INFO  com.petstore.backend.tests.TC_001_PetTests - Fetch pet by ID
16:38:01.329 [main] INFO  com.petstore.api.utils.RestUtils - Response :{"id":2000,"category":{"id":1,"name":"Pomerian"},"name":"Ronny","photoUrls":["https://www.goodhousekeeping.com/life/pets/g4531/cutest-dog-breeds/"],"tags":[{"id":1,"name":"dog"}],"status":"available"}
16:38:01.330 [main] INFO  com.petstore.backend.tests.TC_001_PetTests - Verify pet is fetched from the store
16:38:01.330 [main] INFO  com.petstore.backend.tests.TC_001_PetTests - Validate Pet status is same as the created status
16:38:02.190 [main] INFO  com.petstore.backend.tests.TC_001_PetTests - Add a new pet to store
16:38:03.946 [main] INFO  com.petstore.api.utils.RestUtils - Response :{"id":2001,"category":{"id":1,"name":"Pomerian"},"name":"Rocky","photoUrls":["https://www.goodhousekeeping.com/life/pets/g4531/cutest-dog-breeds/"],"tags":[{"id":1,"name":"dog"}],"status":"sold"}
16:38:03.954 [main] INFO  com.petstore.backend.tests.TC_001_PetTests - Verify pet addition to store is successful
16:38:03.954 [main] INFO  com.petstore.backend.tests.TC_001_PetTests - Fetch pet by ID
16:38:05.647 [main] INFO  com.petstore.api.utils.RestUtils - Response :{"id":2001,"category":{"id":1,"name":"Pomerian"},"name":"Rocky","photoUrls":["https://www.goodhousekeeping.com/life/pets/g4531/cutest-dog-breeds/"],"tags":[{"id":1,"name":"dog"}],"status":"sold"}
16:38:05.649 [main] INFO  com.petstore.backend.tests.TC_001_PetTests - Verify pet is fetched from the store
16:38:05.650 [main] INFO  com.petstore.backend.tests.TC_001_PetTests - Validate Pet status is same as the created status
16:38:45.320 [main] ERROR com.petstore.api.utils.ExcelUtility - Error in method getDataFromExcelSheet(): java.io.FileNotFoundException: /Users/d0m08qm/Documents/project2024/petstoredemosrc/test/resources/TestDataForPetStoreDemo.xls (No such file or directory)
16:38:45.338 [main] ERROR com.petstore.api.utils.ExcelUtility - Error in method getDataFromExcelSheet(): java.io.FileNotFoundException: /Users/d0m08qm/Documents/project2024/petstoredemosrc/test/resources/TestDataForPetStoreDemo.xls (No such file or directory)
16:38:50.308 [main] INFO  com.petstore.backend.tests.TC_001_PetTests - Add a new pet to store
16:38:55.030 [main] INFO  com.petstore.api.utils.RestUtils - Response :{"id":2000,"category":{"id":1,"name":"Pomerian"},"name":"Ronny","photoUrls":["https://www.goodhousekeeping.com/life/pets/g4531/cutest-dog-breeds/"],"tags":[{"id":1,"name":"dog"}],"status":"available"}
16:38:55.045 [main] INFO  com.petstore.backend.tests.TC_001_PetTests - Verify pet addition to store is successful
16:38:55.051 [main] INFO  com.petstore.backend.tests.TC_001_PetTests - Fetch pet by ID
16:38:56.822 [main] INFO  com.petstore.api.utils.RestUtils - Response :{"id":2000,"category":{"id":1,"name":"Pomerian"},"name":"Ronny","photoUrls":["https://www.goodhousekeeping.com/life/pets/g4531/cutest-dog-breeds/"],"tags":[{"id":1,"name":"dog"}],"status":"available"}
16:38:56.823 [main] INFO  com.petstore.backend.tests.TC_001_PetTests - Verify pet is fetched from the store
16:38:56.823 [main] INFO  com.petstore.backend.tests.TC_001_PetTests - Validate Pet status is same as the created status
16:38:57.686 [main] INFO  com.petstore.backend.tests.TC_001_PetTests - Add a new pet to store
16:38:59.537 [main] INFO  com.petstore.api.utils.RestUtils - Response :{"id":2001,"category":{"id":1,"name":"Pomerian"},"name":"Rocky","photoUrls":["https://www.goodhousekeeping.com/life/pets/g4531/cutest-dog-breeds/"],"tags":[{"id":1,"name":"dog"}],"status":"sold"}
16:38:59.543 [main] INFO  com.petstore.backend.tests.TC_001_PetTests - Verify pet addition to store is successful
16:38:59.543 [main] INFO  com.petstore.backend.tests.TC_001_PetTests - Fetch pet by ID
16:39:01.244 [main] INFO  com.petstore.api.utils.RestUtils - Response :{"id":2001,"category":{"id":1,"name":"Pomerian"},"name":"Rocky","photoUrls":["https://www.goodhousekeeping.com/life/pets/g4531/cutest-dog-breeds/"],"tags":[{"id":1,"name":"dog"}],"status":"sold"}
16:39:01.246 [main] INFO  com.petstore.backend.tests.TC_001_PetTests - Verify pet is fetched from the store
16:39:01.247 [main] INFO  com.petstore.backend.tests.TC_001_PetTests - Validate Pet status is same as the created status
16:39:07.946 [main] INFO  com.petstore.api.utils.ExcelUtility - startRow=0, endRow=3, startCol=0, endCol=4
16:39:07.952 [main] INFO  com.petstore.backend.tests.TC_001_PetTests -  Update name and status of a pet identified by Pet ID [2000]
16:39:09.960 [main] INFO  com.petstore.api.utils.RestUtils - Response :{"code":200,"type":"unknown","message":"2000"}
16:39:09.966 [main] INFO  com.petstore.backend.tests.TC_001_PetTests -  Verify Update is successful - Response code : [200]
16:39:09.966 [main] INFO  com.petstore.backend.tests.TC_001_PetTests - Check Update is successful by fetching the Pet by ID
16:39:11.809 [main] INFO  com.petstore.api.utils.RestUtils - Response :{"id":2000,"category":{"id":1,"name":"Pomerian"},"name":"Deepika","photoUrls":["https://www.goodhousekeeping.com/life/pets/g4531/cutest-dog-breeds/"],"tags":[{"id":1,"name":"dog"}],"status":"available"}
16:39:11.819 [main] INFO  com.petstore.backend.tests.TC_001_PetTests - Verify Get Pet by ID - Response : [200]
16:39:11.948 [main] INFO  com.petstore.backend.tests.TC_001_PetTests - Expected [available] , Actual [available]
16:39:12.069 [main] INFO  com.petstore.backend.tests.TC_001_PetTests - Expected [Deepika] , Actual [Deepika]
16:39:12.073 [main] INFO  com.petstore.backend.tests.TC_001_PetTests -  Update name and status of a pet identified by Pet ID [2001]
16:39:13.967 [main] INFO  com.petstore.api.utils.RestUtils - Response :{"code":200,"type":"unknown","message":"2001"}
16:39:13.971 [main] INFO  com.petstore.backend.tests.TC_001_PetTests -  Verify Update is successful - Response code : [200]
16:39:13.972 [main] INFO  com.petstore.backend.tests.TC_001_PetTests - Check Update is successful by fetching the Pet by ID
16:39:15.921 [main] INFO  com.petstore.api.utils.RestUtils - Response :{"id":2001,"category":{"id":1,"name":"Pomerian"},"name":"Mehta","photoUrls":["https://www.goodhousekeeping.com/life/pets/g4531/cutest-dog-breeds/"],"tags":[{"id":1,"name":"dog"}],"status":"sold"}
16:39:15.932 [main] INFO  com.petstore.backend.tests.TC_001_PetTests - Verify Get Pet by ID - Response : [200]
16:39:16.049 [main] INFO  com.petstore.backend.tests.TC_001_PetTests - Expected [sold] , Actual [sold]
16:39:16.163 [main] INFO  com.petstore.backend.tests.TC_001_PetTests - Expected [Mehta] , Actual [Mehta]
16:39:19.545 [main] INFO  com.petstore.api.utils.ExcelUtility - startRow=4, endRow=6, startCol=0, endCol=2
16:39:19.550 [main] INFO  com.petstore.backend.tests.TC_001_PetTests -  Delete Pet identified by Pet ID [2001]
16:39:21.454 [main] INFO  com.petstore.api.utils.RestUtils - Response :{"code":200,"type":"unknown","message":"2001"}
16:39:21.460 [main] INFO  com.petstore.backend.tests.TC_001_PetTests - Fetch pet by ID
16:39:23.265 [main] INFO  com.petstore.api.utils.RestUtils - Response :{"code":1,"type":"error","message":"Pet not found"}
16:39:23.271 [main] INFO  com.petstore.backend.tests.TC_001_PetTests - Verify Pet is not found [404]
16:55:35.878 [main] INFO  com.petstore.backend.tests.TC_001_PetTests - Add a new pet to store
16:55:40.307 [main] INFO  com.petstore.api.utils.RestUtils - Response :{"id":2000,"category":{"id":1,"name":"Pomerian"},"name":"Ronny","photoUrls":["https://www.goodhousekeeping.com/life/pets/g4531/cutest-dog-breeds/"],"tags":[{"id":1,"name":"dog"}],"status":"available"}
16:55:40.318 [main] INFO  com.petstore.backend.tests.TC_001_PetTests - Verify pet addition to store is successful
16:55:40.325 [main] INFO  com.petstore.backend.tests.TC_001_PetTests - Fetch pet by ID
16:55:42.144 [main] INFO  com.petstore.api.utils.RestUtils - Response :{"id":2000,"category":{"id":1,"name":"Pomerian"},"name":"Ronny","photoUrls":["https://www.goodhousekeeping.com/life/pets/g4531/cutest-dog-breeds/"],"tags":[{"id":1,"name":"dog"}],"status":"available"}
16:55:42.150 [main] INFO  com.petstore.backend.tests.TC_001_PetTests - Verify pet is fetched from the store
16:55:42.150 [main] INFO  com.petstore.backend.tests.TC_001_PetTests - Validate Pet status is same as the created status
16:55:43.011 [main] INFO  com.petstore.backend.tests.TC_001_PetTests - Add a new pet to store
16:55:44.803 [main] INFO  com.petstore.api.utils.RestUtils - Response :{"id":2001,"category":{"id":1,"name":"Pomerian"},"name":"Rocky","photoUrls":["https://www.goodhousekeeping.com/life/pets/g4531/cutest-dog-breeds/"],"tags":[{"id":1,"name":"dog"}],"status":"sold"}
16:55:44.810 [main] INFO  com.petstore.backend.tests.TC_001_PetTests - Verify pet addition to store is successful
16:55:44.810 [main] INFO  com.petstore.backend.tests.TC_001_PetTests - Fetch pet by ID
16:55:46.537 [main] INFO  com.petstore.api.utils.RestUtils - Response :{"id":2001,"category":{"id":1,"name":"Pomerian"},"name":"Rocky","photoUrls":["https://www.goodhousekeeping.com/life/pets/g4531/cutest-dog-breeds/"],"tags":[{"id":1,"name":"dog"}],"status":"sold"}
16:55:46.540 [main] INFO  com.petstore.backend.tests.TC_001_PetTests - Verify pet is fetched from the store
16:55:46.541 [main] INFO  com.petstore.backend.tests.TC_001_PetTests - Validate Pet status is same as the created status
16:55:46.592 [main] ERROR com.petstore.api.utils.ExcelUtility - Error in method getDataFromExcelSheet(): java.io.FileNotFoundException: /TestDataForPetStoreDemo.xls (No such file or directory)
16:55:46.603 [main] ERROR com.petstore.api.utils.ExcelUtility - Error in method getDataFromExcelSheet(): java.io.FileNotFoundException: /TestDataForPetStoreDemo.xls (No such file or directory)
16:56:29.049 [main] INFO  com.petstore.backend.tests.TC_001_PetTests - Add a new pet to store
16:56:33.713 [main] INFO  com.petstore.api.utils.RestUtils - Response :{"id":2000,"category":{"id":1,"name":"Pomerian"},"name":"Ronny","photoUrls":["https://www.goodhousekeeping.com/life/pets/g4531/cutest-dog-breeds/"],"tags":[{"id":1,"name":"dog"}],"status":"available"}
16:56:33.723 [main] INFO  com.petstore.backend.tests.TC_001_PetTests - Verify pet addition to store is successful
16:56:33.732 [main] INFO  com.petstore.backend.tests.TC_001_PetTests - Fetch pet by ID
16:56:36.982 [main] INFO  com.petstore.api.utils.RestUtils - Response :{"id":2000,"category":{"id":1,"name":"Pomerian"},"name":"Ronny","photoUrls":["https://www.goodhousekeeping.com/life/pets/g4531/cutest-dog-breeds/"],"tags":[{"id":1,"name":"dog"}],"status":"available"}
16:56:36.984 [main] INFO  com.petstore.backend.tests.TC_001_PetTests - Verify pet is fetched from the store
16:56:36.984 [main] INFO  com.petstore.backend.tests.TC_001_PetTests - Validate Pet status is same as the created status
16:56:37.863 [main] INFO  com.petstore.backend.tests.TC_001_PetTests - Add a new pet to store
16:56:39.604 [main] INFO  com.petstore.api.utils.RestUtils - Response :{"id":2001,"category":{"id":1,"name":"Pomerian"},"name":"Rocky","photoUrls":["https://www.goodhousekeeping.com/life/pets/g4531/cutest-dog-breeds/"],"tags":[{"id":1,"name":"dog"}],"status":"sold"}
16:56:39.610 [main] INFO  com.petstore.backend.tests.TC_001_PetTests - Verify pet addition to store is successful
16:56:39.611 [main] INFO  com.petstore.backend.tests.TC_001_PetTests - Fetch pet by ID
16:56:41.454 [main] INFO  com.petstore.api.utils.RestUtils - Response :{"id":2001,"category":{"id":1,"name":"Pomerian"},"name":"Rocky","photoUrls":["https://www.goodhousekeeping.com/life/pets/g4531/cutest-dog-breeds/"],"tags":[{"id":1,"name":"dog"}],"status":"sold"}
16:56:41.457 [main] INFO  com.petstore.backend.tests.TC_001_PetTests - Verify pet is fetched from the store
16:56:41.458 [main] INFO  com.petstore.backend.tests.TC_001_PetTests - Validate Pet status is same as the created status
16:56:41.711 [main] INFO  com.petstore.api.utils.ExcelUtility - startRow=0, endRow=3, startCol=0, endCol=4
16:56:41.723 [main] INFO  com.petstore.backend.tests.TC_001_PetTests -  Update name and status of a pet identified by Pet ID [2000]
16:56:43.516 [main] INFO  com.petstore.api.utils.RestUtils - Response :{"code":200,"type":"unknown","message":"2000"}
16:56:43.519 [main] INFO  com.petstore.backend.tests.TC_001_PetTests -  Verify Update is successful - Response code : [200]
16:56:43.519 [main] INFO  com.petstore.backend.tests.TC_001_PetTests - Check Update is successful by fetching the Pet by ID
16:56:45.246 [main] INFO  com.petstore.api.utils.RestUtils - Response :{"id":2000,"category":{"id":1,"name":"Pomerian"},"name":"Deepika","photoUrls":["https://www.goodhousekeeping.com/life/pets/g4531/cutest-dog-breeds/"],"tags":[{"id":1,"name":"dog"}],"status":"available"}
16:56:45.248 [main] INFO  com.petstore.backend.tests.TC_001_PetTests - Verify Get Pet by ID - Response : [200]
16:56:45.300 [main] INFO  com.petstore.backend.tests.TC_001_PetTests - Expected [available] , Actual [available]
16:56:45.342 [main] INFO  com.petstore.backend.tests.TC_001_PetTests - Expected [Deepika] , Actual [Deepika]
16:56:45.346 [main] INFO  com.petstore.backend.tests.TC_001_PetTests -  Update name and status of a pet identified by Pet ID [2001]
16:56:47.032 [main] INFO  com.petstore.api.utils.RestUtils - Response :{"code":200,"type":"unknown","message":"2001"}
16:56:47.033 [main] INFO  com.petstore.backend.tests.TC_001_PetTests -  Verify Update is successful - Response code : [200]
16:56:47.035 [main] INFO  com.petstore.backend.tests.TC_001_PetTests - Check Update is successful by fetching the Pet by ID
16:56:48.970 [main] INFO  com.petstore.api.utils.RestUtils - Response :{"id":2001,"category":{"id":1,"name":"Pomerian"},"name":"Mehta","photoUrls":["https://www.goodhousekeeping.com/life/pets/g4531/cutest-dog-breeds/"],"tags":[{"id":1,"name":"dog"}],"status":"sold"}
16:56:48.978 [main] INFO  com.petstore.backend.tests.TC_001_PetTests - Verify Get Pet by ID - Response : [200]
16:56:49.029 [main] INFO  com.petstore.backend.tests.TC_001_PetTests - Expected [sold] , Actual [sold]
16:56:49.060 [main] INFO  com.petstore.backend.tests.TC_001_PetTests - Expected [Mehta] , Actual [Mehta]
16:56:49.167 [main] INFO  com.petstore.api.utils.ExcelUtility - startRow=4, endRow=6, startCol=0, endCol=2
16:56:49.187 [main] INFO  com.petstore.backend.tests.TC_001_PetTests -  Delete Pet identified by Pet ID [2001]
16:56:51.077 [main] INFO  com.petstore.api.utils.RestUtils - Response :{"code":200,"type":"unknown","message":"2001"}
16:56:51.083 [main] INFO  com.petstore.backend.tests.TC_001_PetTests - Fetch pet by ID
16:56:52.831 [main] INFO  com.petstore.api.utils.RestUtils - Response :{"code":1,"type":"error","message":"Pet not found"}
16:56:52.832 [main] INFO  com.petstore.backend.tests.TC_001_PetTests - Verify Pet is not found [404]
17:03:18.316 [main] INFO  com.petstore.backend.tests.TC_001_PetTests - Add a new pet to store
17:03:22.901 [main] INFO  com.petstore.api.utils.RestUtils - Response :{"id":2000,"category":{"id":1,"name":"Pomerian"},"name":"Ronny","photoUrls":["https://www.goodhousekeeping.com/life/pets/g4531/cutest-dog-breeds/"],"tags":[{"id":1,"name":"dog"}],"status":"available"}
17:03:22.911 [main] INFO  com.petstore.backend.tests.TC_001_PetTests - Verify pet addition to store is successful
17:03:22.917 [main] INFO  com.petstore.backend.tests.TC_001_PetTests - Fetch pet by ID
17:03:24.211 [main] INFO  com.petstore.api.utils.RestUtils - Response :{"id":2000,"category":{"id":1,"name":"Pomerian"},"name":"Ronny","photoUrls":["https://www.goodhousekeeping.com/life/pets/g4531/cutest-dog-breeds/"],"tags":[{"id":1,"name":"dog"}],"status":"available"}
17:03:24.213 [main] INFO  com.petstore.backend.tests.TC_001_PetTests - Verify pet is fetched from the store
17:03:24.213 [main] INFO  com.petstore.backend.tests.TC_001_PetTests - Validate Pet status is same as the created status
17:03:25.096 [main] INFO  com.petstore.backend.tests.TC_001_PetTests - Add a new pet to store
17:03:26.440 [main] INFO  com.petstore.api.utils.RestUtils - Response :{"id":2001,"category":{"id":1,"name":"Pomerian"},"name":"Rocky","photoUrls":["https://www.goodhousekeeping.com/life/pets/g4531/cutest-dog-breeds/"],"tags":[{"id":1,"name":"dog"}],"status":"sold"}
17:03:26.447 [main] INFO  com.petstore.backend.tests.TC_001_PetTests - Verify pet addition to store is successful
17:03:26.447 [main] INFO  com.petstore.backend.tests.TC_001_PetTests - Fetch pet by ID
17:03:27.691 [main] INFO  com.petstore.api.utils.RestUtils - Response :{"id":2001,"category":{"id":1,"name":"Pomerian"},"name":"Rocky","photoUrls":["https://www.goodhousekeeping.com/life/pets/g4531/cutest-dog-breeds/"],"tags":[{"id":1,"name":"dog"}],"status":"sold"}
17:03:27.694 [main] INFO  com.petstore.backend.tests.TC_001_PetTests - Verify pet is fetched from the store
17:03:27.695 [main] INFO  com.petstore.backend.tests.TC_001_PetTests - Validate Pet status is same as the created status
17:03:27.965 [main] INFO  com.petstore.api.utils.ExcelUtility - startRow=0, endRow=3, startCol=0, endCol=4
17:03:27.979 [main] INFO  com.petstore.backend.tests.TC_001_PetTests -  Update name and status of a pet identified by Pet ID [2000]
17:03:29.201 [main] INFO  com.petstore.api.utils.RestUtils - Response :{"code":200,"type":"unknown","message":"2000"}
17:03:29.204 [main] INFO  com.petstore.backend.tests.TC_001_PetTests -  Verify Update is successful - Response code : [200]
17:03:29.204 [main] INFO  com.petstore.backend.tests.TC_001_PetTests - Check Update is successful by fetching the Pet by ID
17:03:30.358 [main] INFO  com.petstore.api.utils.RestUtils - Response :{"id":2000,"category":{"id":1,"name":"Pomerian"},"name":"Deepika","photoUrls":["https://www.goodhousekeeping.com/life/pets/g4531/cutest-dog-breeds/"],"tags":[{"id":1,"name":"dog"}],"status":"available"}
17:03:30.362 [main] INFO  com.petstore.backend.tests.TC_001_PetTests - Verify Get Pet by ID - Response : [200]
17:03:30.421 [main] INFO  com.petstore.backend.tests.TC_001_PetTests - Expected [available] , Actual [available]
17:03:30.455 [main] INFO  com.petstore.backend.tests.TC_001_PetTests - Expected [Deepika] , Actual [Deepika]
17:03:30.458 [main] INFO  com.petstore.backend.tests.TC_001_PetTests -  Update name and status of a pet identified by Pet ID [2001]
17:03:31.609 [main] INFO  com.petstore.api.utils.RestUtils - Response :{"code":200,"type":"unknown","message":"2001"}
17:03:31.611 [main] INFO  com.petstore.backend.tests.TC_001_PetTests -  Verify Update is successful - Response code : [200]
17:03:31.611 [main] INFO  com.petstore.backend.tests.TC_001_PetTests - Check Update is successful by fetching the Pet by ID
17:03:32.681 [main] INFO  com.petstore.api.utils.RestUtils - Response :{"id":2001,"category":{"id":1,"name":"Pomerian"},"name":"Mehta","photoUrls":["https://www.goodhousekeeping.com/life/pets/g4531/cutest-dog-breeds/"],"tags":[{"id":1,"name":"dog"}],"status":"sold"}
17:03:32.686 [main] INFO  com.petstore.backend.tests.TC_001_PetTests - Verify Get Pet by ID - Response : [200]
17:03:32.729 [main] INFO  com.petstore.backend.tests.TC_001_PetTests - Expected [sold] , Actual [sold]
17:03:32.759 [main] INFO  com.petstore.backend.tests.TC_001_PetTests - Expected [Mehta] , Actual [Mehta]
17:03:32.902 [main] INFO  com.petstore.api.utils.ExcelUtility - startRow=4, endRow=6, startCol=0, endCol=2
17:04:38.395 [main] INFO  com.petstore.backend.tests.TC_001_PetTests - Add a new pet to store
17:04:42.380 [main] INFO  com.petstore.api.utils.RestUtils - Response :{"id":2000,"category":{"id":1,"name":"Pomerian"},"name":"Ronny","photoUrls":["https://www.goodhousekeeping.com/life/pets/g4531/cutest-dog-breeds/"],"tags":[{"id":1,"name":"dog"}],"status":"available"}
17:04:42.391 [main] INFO  com.petstore.backend.tests.TC_001_PetTests - Verify pet addition to store is successful
17:04:42.397 [main] INFO  com.petstore.backend.tests.TC_001_PetTests - Fetch pet by ID
17:04:43.560 [main] INFO  com.petstore.api.utils.RestUtils - Response :{"id":2000,"category":{"id":1,"name":"Pomerian"},"name":"Ronny","photoUrls":["https://www.goodhousekeeping.com/life/pets/g4531/cutest-dog-breeds/"],"tags":[{"id":1,"name":"dog"}],"status":"available"}
17:04:43.562 [main] INFO  com.petstore.backend.tests.TC_001_PetTests - Verify pet is fetched from the store
17:04:43.562 [main] INFO  com.petstore.backend.tests.TC_001_PetTests - Validate Pet status is same as the created status
17:04:44.448 [main] INFO  com.petstore.backend.tests.TC_001_PetTests - Add a new pet to store
17:04:45.739 [main] INFO  com.petstore.api.utils.RestUtils - Response :{"id":2001,"category":{"id":1,"name":"Pomerian"},"name":"Rocky","photoUrls":["https://www.goodhousekeeping.com/life/pets/g4531/cutest-dog-breeds/"],"tags":[{"id":1,"name":"dog"}],"status":"sold"}
17:04:45.751 [main] INFO  com.petstore.backend.tests.TC_001_PetTests - Verify pet addition to store is successful
17:04:45.751 [main] INFO  com.petstore.backend.tests.TC_001_PetTests - Fetch pet by ID
17:04:47.132 [main] INFO  com.petstore.api.utils.RestUtils - Response :{"id":2001,"category":{"id":1,"name":"Pomerian"},"name":"Rocky","photoUrls":["https://www.goodhousekeeping.com/life/pets/g4531/cutest-dog-breeds/"],"tags":[{"id":1,"name":"dog"}],"status":"sold"}
17:04:47.135 [main] INFO  com.petstore.backend.tests.TC_001_PetTests - Verify pet is fetched from the store
17:04:47.136 [main] INFO  com.petstore.backend.tests.TC_001_PetTests - Validate Pet status is same as the created status
17:04:47.389 [main] INFO  com.petstore.api.utils.ExcelUtility - startRow=0, endRow=3, startCol=0, endCol=4
17:04:47.401 [main] INFO  com.petstore.backend.tests.TC_001_PetTests -  Update name and status of a pet identified by Pet ID [2000]
17:04:48.644 [main] INFO  com.petstore.api.utils.RestUtils - Response :{"code":200,"type":"unknown","message":"2000"}
17:04:48.649 [main] INFO  com.petstore.backend.tests.TC_001_PetTests -  Verify Update is successful - Response code : [200]
17:04:48.649 [main] INFO  com.petstore.backend.tests.TC_001_PetTests - Check Update is successful by fetching the Pet by ID
17:04:49.870 [main] INFO  com.petstore.api.utils.RestUtils - Response :{"id":2000,"category":{"id":1,"name":"Pomerian"},"name":"Deepika","photoUrls":["https://www.goodhousekeeping.com/life/pets/g4531/cutest-dog-breeds/"],"tags":[{"id":1,"name":"dog"}],"status":"available"}
17:04:49.878 [main] INFO  com.petstore.backend.tests.TC_001_PetTests - Verify Get Pet by ID - Response : [200]
17:04:49.948 [main] INFO  com.petstore.backend.tests.TC_001_PetTests - Expected [available] , Actual [available]
17:04:50.008 [main] INFO  com.petstore.backend.tests.TC_001_PetTests - Expected [Deepika] , Actual [Deepika]
17:04:50.015 [main] INFO  com.petstore.backend.tests.TC_001_PetTests -  Update name and status of a pet identified by Pet ID [2001]
17:04:51.222 [main] INFO  com.petstore.api.utils.RestUtils - Response :{"code":200,"type":"unknown","message":"2001"}
17:04:51.224 [main] INFO  com.petstore.backend.tests.TC_001_PetTests -  Verify Update is successful - Response code : [200]
17:04:51.224 [main] INFO  com.petstore.backend.tests.TC_001_PetTests - Check Update is successful by fetching the Pet by ID
17:04:52.354 [main] INFO  com.petstore.api.utils.RestUtils - Response :{"id":2001,"category":{"id":1,"name":"Pomerian"},"name":"Mehta","photoUrls":["https://www.goodhousekeeping.com/life/pets/g4531/cutest-dog-breeds/"],"tags":[{"id":1,"name":"dog"}],"status":"sold"}
17:04:52.376 [main] INFO  com.petstore.backend.tests.TC_001_PetTests - Verify Get Pet by ID - Response : [200]
17:04:52.416 [main] INFO  com.petstore.backend.tests.TC_001_PetTests - Expected [sold] , Actual [sold]
17:04:52.440 [main] INFO  com.petstore.backend.tests.TC_001_PetTests - Expected [Mehta] , Actual [Mehta]
17:04:52.556 [main] INFO  com.petstore.api.utils.ExcelUtility - startRow=4, endRow=6, startCol=0, endCol=2
17:04:52.576 [main] INFO  com.petstore.backend.tests.TC_001_PetTests -  Delete Pet identified by Pet ID [2001]
17:04:53.839 [main] INFO  com.petstore.api.utils.RestUtils - Response :{"code":200,"type":"unknown","message":"2001"}
17:04:53.847 [main] INFO  com.petstore.backend.tests.TC_001_PetTests - Fetch pet by ID
17:04:54.944 [main] INFO  com.petstore.api.utils.RestUtils - Response :{"code":1,"type":"error","message":"Pet not found"}
17:04:54.947 [main] INFO  com.petstore.backend.tests.TC_001_PetTests - Verify Pet is not found [404]
